<?xml version="1.0" encoding="UTF-8"?>
<!-- Generated by org.testng.reporters.JUnitXMLReporter -->
<testsuite ignored="4" hostname="DESKTOP-SVFAJHN" failures="0" tests="5" name="Test-Runner-2" time="93.992" errors="0" timestamp="2024-04-17T17:10:44 IST">
  <testcase classname="UserModule.AddItemToCartTest" name="addItemToCart" time="9.371"/>
  <testcase classname="UserModule.AddItemToCartTest" name="removeAnItemFromCart" time="6.651"/>
  <testcase classname="UserModule.LoginToApplicationTest" name="loginUsingValidCredentials" time="11.116"/>
  <testcase classname="UserModule.CancelOrderTest" name="orderAnItemAndCheckoutUsingCashOnDelivery" time="6.363"/>
  <testcase classname="UserModule.RemoveItemFromCartTest" name="removeAnItemFromCart" time="5.968"/>
  <testcase classname="GenericUtilitiesPackage.BaseClass" name="@AfterSuite disconnectDB" time="0.0">
    <ignored/>
  </testcase> <!-- @AfterSuite disconnectDB -->
  <testcase classname="GenericUtilitiesPackage.BaseClass" name="@AfterSuite disconnectDB" time="0.0">
    <ignored/>
  </testcase> <!-- @AfterSuite disconnectDB -->
  <testcase classname="GenericUtilitiesPackage.BaseClass" name="@BeforeSuite connectDB" time="0.0">
    <ignored/>
  </testcase> <!-- @BeforeSuite connectDB -->
  <testcase classname="GenericUtilitiesPackage.BaseClass" name="@BeforeSuite connectDB" time="0.0">
    <ignored/>
  </testcase> <!-- @BeforeSuite connectDB -->
</testsuite> <!-- Test-Runner-2 -->
