<?xml version="1.0" encoding="UTF-8"?>
<!-- Generated by org.testng.reporters.JUnitXMLReporter -->
<testsuite ignored="0" hostname="DESKTOP-SVFAJHN" failures="0" tests="1" name="Test-Runner-3" time="30.193" errors="0" timestamp="2024-04-17T16:40:32 IST">
  <testcase classname="UserModule.RemoveItemFromCartTest" name="removeAnItemFromCart" time="7.134"/>
</testsuite> <!-- Test-Runner-3 -->
