<?xml version="1.0" encoding="UTF-8"?>
<!-- Generated by org.testng.reporters.JUnitXMLReporter -->
<testsuite ignored="4" hostname="DESKTOP-SVFAJHN" failures="0" tests="5" name="Test-Runner-1" time="94.318" errors="0" timestamp="2024-04-17T17:10:44 IST">
  <testcase classname="UserModule.AddItemToCartTest" name="addItemToCart" time="9.59"/>
  <testcase classname="UserModule.AddItemToCartTest" name="removeAnItemFromCart" time="6.734"/>
  <testcase classname="UserModule.LoginToApplicationTest" name="loginUsingValidCredentials" time="10.944"/>
  <testcase classname="UserModule.CancelOrderTest" name="orderAnItemAndCheckoutUsingCashOnDelivery" time="6.355"/>
  <testcase classname="UserModule.RemoveItemFromCartTest" name="removeAnItemFromCart" time="5.893"/>
  <testcase classname="GenericUtilitiesPackage.BaseClass" name="@AfterSuite disconnectDB" time="0.0">
    <ignored/>
  </testcase> <!-- @AfterSuite disconnectDB -->
  <testcase classname="GenericUtilitiesPackage.BaseClass" name="@AfterSuite disconnectDB" time="0.0">
    <ignored/>
  </testcase> <!-- @AfterSuite disconnectDB -->
  <testcase classname="GenericUtilitiesPackage.BaseClass" name="@BeforeSuite connectDB" time="0.0">
    <ignored/>
  </testcase> <!-- @BeforeSuite connectDB -->
  <testcase classname="GenericUtilitiesPackage.BaseClass" name="@BeforeSuite connectDB" time="0.0">
    <ignored/>
  </testcase> <!-- @BeforeSuite connectDB -->
</testsuite> <!-- Test-Runner-1 -->
