<?xml version="1.0" encoding="UTF-8"?>
<!-- Generated by org.testng.reporters.JUnitXMLReporter -->
<testsuite ignored="0" hostname="DESKTOP-SVFAJHN" failures="0" tests="1" name="Test-Runner-1(failed)" time="19.534" errors="0" timestamp="2024-04-10T15:14:29 IST">
  <testcase classname="UserModule.CancelOrderTest" name="orderAnItemAndCheckoutUsingCashOnDelivery" time="7.628"/>
</testsuite> <!-- Test-Runner-1(failed) -->
