<?xml version="1.0" encoding="UTF-8"?>
<!-- Generated by org.testng.reporters.JUnitReportReporter -->
<testsuite hostname="DESKTOP-SVFAJHN" failures="0" tests="1" name="UserModule.AddItemToCartTest" time="10.337" errors="0" timestamp="2024-04-08T18:23:57 IST" skipped="0">
  <testcase classname="UserModule.AddItemToCartTest" name="addItemToCart" time="10.337"/>
  <system-out/>
</testsuite> <!-- UserModule.AddItemToCartTest -->
