<?xml version="1.0" encoding="UTF-8"?>
<!-- Generated by org.testng.reporters.JUnitReportReporter -->
<testsuite hostname="DESKTOP-SVFAJHN" failures="0" tests="1" name="OrdersModuleTests.CancelOrderTest" time="13.199" errors="0" timestamp="2024-04-01T13:04:31 IST" skipped="0">
  <testcase classname="OrdersModuleTests.CancelOrderTest" name="orderAnItemAndCheckoutUsingCashOnDelivery" time="13.199"/>
  <system-out/>
</testsuite> <!-- OrdersModuleTests.CancelOrderTest -->
