<?xml version="1.0" encoding="UTF-8"?>
<!-- Generated by org.testng.reporters.JUnitReportReporter -->
<testsuite hostname="DESKTOP-SVFAJHN" failures="0" tests="1" name="UserModule.RemoveItemFromCartTest" time="12.869" errors="0" timestamp="2024-04-08T16:26:09 IST" skipped="0">
  <testcase classname="UserModule.RemoveItemFromCartTest" name="removeAnItemFromCart" time="12.869"/>
  <system-out/>
</testsuite> <!-- UserModule.RemoveItemFromCartTest -->
