<?xml version="1.0" encoding="UTF-8"?>
<!-- Generated by org.testng.reporters.JUnitReportReporter -->
<testsuite hostname="DESKTOP-SVFAJHN" failures="0" tests="1" name="AdminModule.CancelOrderTest" time="18.993" errors="0" timestamp="2024-04-01T13:20:12 IST" skipped="0">
  <testcase classname="AdminModule.CancelOrderTest" name="orderAnItemAndCheckoutUsingCashOnDelivery" time="18.993"/>
  <system-out/>
</testsuite> <!-- AdminModule.CancelOrderTest -->
