<?xml version="1.0" encoding="UTF-8"?>
<!-- Generated by org.testng.reporters.JUnitReportReporter -->
<testsuite hostname="DESKTOP-SVFAJHN" failures="0" tests="1" name="LoginModuleTests.AdminApplicationLoginTests" time="3.844" errors="0" timestamp="2024-03-30T12:45:54 IST" skipped="0">
  <testcase classname="LoginModuleTests.AdminApplicationLoginTests" name="loginToAdminApplication" time="3.844"/>
  <system-out/>
</testsuite> <!-- LoginModuleTests.AdminApplicationLoginTests -->
