<?xml version="1.0" encoding="UTF-8"?>
<!-- Generated by org.testng.reporters.JUnitReportReporter -->
<testsuite hostname="DESKTOP-SVFAJHN" failures="0" tests="1" name="UserModule.OrderAndPayTest" time="14.719" errors="0" timestamp="2024-04-08T16:24:10 IST" skipped="0">
  <testcase classname="UserModule.OrderAndPayTest" name="orderAnItemAndCheckoutUsingCashOnDelivery" time="14.719"/>
  <system-out/>
</testsuite> <!-- UserModule.OrderAndPayTest -->
