<?xml version="1.0" encoding="UTF-8"?>
<!-- Generated by org.testng.reporters.JUnitReportReporter -->
<testsuite hostname="DESKTOP-SVFAJHN" failures="0" tests="2" name="UserModule.LoginToApplicationTest" time="22.060" errors="0" timestamp="2024-04-17T17:10:44 IST" skipped="0">
  <testcase classname="UserModule.LoginToApplicationTest" name="loginUsingValidCredentials" time="10.944"/>
  <system-out>
    <![CDATA[execution starts from here
loginUsingValidCredentials----------------Executed Sucessfully]]>
  </system-out>
  <testcase classname="UserModule.LoginToApplicationTest" name="loginUsingValidCredentials" time="11.116"/>
  <system-out>
    <![CDATA[execution starts from here
loginUsingValidCredentials----------------Executed Sucessfully]]>
  </system-out>
</testsuite> <!-- UserModule.LoginToApplicationTest -->
