<?xml version="1.0" encoding="UTF-8"?>
<!-- Generated by org.testng.reporters.JUnitReportReporter -->
<testsuite hostname="DESKTOP-SVFAJHN" failures="0" tests="1" name="YourCartModuleTests.AddItemToCartTest" time="24.563" errors="0" timestamp="2024-03-29T17:26:11 IST" skipped="0">
  <testcase classname="YourCartModuleTests.AddItemToCartTest" name="addItemToCart" time="24.563"/>
  <system-out/>
</testsuite> <!-- YourCartModuleTests.AddItemToCartTest -->
