<?xml version="1.0" encoding="UTF-8"?>
<!-- Generated by org.testng.reporters.JUnitReportReporter -->
<testsuite hostname="DESKTOP-SVFAJHN" failures="0" tests="1" name="UserModule.TwoTest" time="12.573" errors="0" timestamp="2024-04-17T17:07:59 IST" skipped="0">
  <testcase classname="UserModule.TwoTest" name="testScript5" time="12.573"/>
  <system-out/>
</testsuite> <!-- UserModule.TwoTest -->
