<?xml version="1.0" encoding="UTF-8"?>
<!-- Generated by org.testng.reporters.JUnitReportReporter -->
<testsuite hostname="DESKTOP-SVFAJHN" failures="0" tests="1" name="YourCartModuleTests.RemoveItemFromCartTest" time="17.751" errors="0" timestamp="2024-03-29T17:43:16 IST" skipped="0">
  <testcase classname="YourCartModuleTests.RemoveItemFromCartTest" name="removeAnItemFromCart" time="17.751"/>
  <system-out/>
</testsuite> <!-- YourCartModuleTests.RemoveItemFromCartTest -->
