<?xml version="1.0" encoding="UTF-8"?>
<!-- Generated by org.testng.reporters.JUnitReportReporter -->
<testsuite hostname="DESKTOP-SVFAJHN" failures="0" tests="1" name="AdminModule.AddNewRestaurantCategoryTest" time="17.512" errors="0" timestamp="2024-04-08T18:30:00 IST" skipped="0">
  <testcase classname="AdminModule.AddNewRestaurantCategoryTest" name="addRestaurantCategory" time="17.512"/>
  <system-out/>
</testsuite> <!-- AdminModule.AddNewRestaurantCategoryTest -->
