<?xml version="1.0" encoding="UTF-8"?>
<!-- Generated by org.testng.reporters.JUnitReportReporter -->
<testsuite hostname="DESKTOP-SVFAJHN" failures="0" tests="1" name="UserModule.UserRegistrationTest" time="12.785" errors="0" timestamp="2024-04-17T17:08:50 IST" skipped="0">
  <testcase classname="UserModule.UserRegistrationTest" name="newUserRegistrationWithValidCredentials" time="12.785"/>
  <system-out>
    <![CDATA[execution starts from here
User is Registered sucesfully
newUserRegistrationWithValidCredentials----------------Executed Sucessfully]]>
  </system-out>
</testsuite> <!-- UserModule.UserRegistrationTest -->
