<?xml version="1.0" encoding="UTF-8"?>
<!-- Generated by org.testng.reporters.JUnitReportReporter -->
<testsuite hostname="DESKTOP-SVFAJHN" failures="0" tests="1" name="LoginModuleTests.LoginToApplicationTest" time="10.727" errors="0" timestamp="2024-04-01T09:37:08 IST" skipped="0">
  <testcase classname="LoginModuleTests.LoginToApplicationTest" name="loginUsingValidCredentials" time="10.727"/>
  <system-out/>
</testsuite> <!-- LoginModuleTests.LoginToApplicationTest -->
