<?xml version="1.0" encoding="UTF-8"?>
<!-- Generated by org.testng.reporters.JUnitReportReporter -->
<testsuite hostname="DESKTOP-SVFAJHN" failures="0" tests="1" name="RegistrationModule.UserRegistrationTest" time="11.517" errors="0" timestamp="2024-03-30T12:00:37 IST" skipped="0">
  <testcase classname="RegistrationModule.UserRegistrationTest" name="newUserRegistraionWithValidCredentials" time="11.517"/>
  <system-out/>
</testsuite> <!-- RegistrationModule.UserRegistrationTest -->
