<?xml version="1.0" encoding="UTF-8"?>
<!-- Generated by org.testng.reporters.JUnitReportReporter -->
<testsuite hostname="DESKTOP-SVFAJHN" failures="0" tests="1" name="AdminModule.UpdateUsersTest" time="10.245" errors="0" timestamp="2024-04-08T17:19:23 IST" skipped="0">
  <testcase classname="AdminModule.UpdateUsersTest" name="adminUpdateUsersTC" time="10.245"/>
  <system-out/>
</testsuite> <!-- AdminModule.UpdateUsersTest -->
