<?xml version="1.0" encoding="UTF-8"?>
<!-- Generated by org.testng.reporters.JUnitReportReporter -->
<testsuite hostname="DESKTOP-SVFAJHN" failures="0" tests="2" name="UserModule.ParallelMethodsExecution" time="36.779" errors="0" timestamp="2024-04-17T17:54:55 IST" skipped="0">
  <testcase classname="UserModule.ParallelMethodsExecution" name="removeAnItemFromCart" time="18.051"/>
  <system-out/>
  <testcase classname="UserModule.ParallelMethodsExecution" name="addItemToCart" time="18.728"/>
  <system-out/>
</testsuite> <!-- UserModule.ParallelMethodsExecution -->
