<?xml version="1.0" encoding="UTF-8"?>
<!-- Generated by org.testng.reporters.JUnitReportReporter -->
<testsuite hostname="DESKTOP-SVFAJHN" failures="0" tests="1" name="UserModule.LoginToApplicationTest" time="7.535" errors="0" timestamp="2024-04-06T09:17:01 IST" skipped="0">
  <testcase classname="UserModule.LoginToApplicationTest" name="loginUsingValidCredentials" time="7.535"/>
  <system-out/>
</testsuite> <!-- UserModule.LoginToApplicationTest -->
