<?xml version="1.0" encoding="UTF-8"?>
<!-- Generated by org.testng.reporters.JUnitReportReporter -->
<testsuite hostname="DESKTOP-SVFAJHN" failures="0" tests="2" name="UserModule.CancelOrderTest" time="39.380" errors="0" timestamp="2024-04-17T17:10:44 IST" skipped="0">
  <testcase classname="UserModule.CancelOrderTest" name="orderAnItemAndCheckoutUsingCashOnDelivery" time="19.743"/>
  <system-out>
    <![CDATA[execution starts from here
orderAnItemAndCheckoutUsingCashOnDelivery----------------Executed Sucessfully]]>
  </system-out>
  <testcase classname="UserModule.CancelOrderTest" name="orderAnItemAndCheckoutUsingCashOnDelivery" time="19.637"/>
  <system-out>
    <![CDATA[execution starts from here
orderAnItemAndCheckoutUsingCashOnDelivery----------------Executed Sucessfully]]>
  </system-out>
</testsuite> <!-- UserModule.CancelOrderTest -->
