<?xml version="1.0" encoding="UTF-8"?>
<!-- Generated by org.testng.reporters.JUnitReportReporter -->
<testsuite hostname="DESKTOP-SVFAJHN" failures="0" tests="2" name="UserModule.RemoveItemFromCartTest" time="34.244" errors="0" timestamp="2024-04-17T17:10:44 IST" skipped="0">
  <testcase classname="UserModule.RemoveItemFromCartTest" name="removeAnItemFromCart" time="16.935"/>
  <system-out>
    <![CDATA[execution starts from here
removeAnItemFromCart----------------Executed Sucessfully]]>
  </system-out>
  <testcase classname="UserModule.RemoveItemFromCartTest" name="removeAnItemFromCart" time="17.309"/>
  <system-out>
    <![CDATA[execution starts from here
removeAnItemFromCart----------------Executed Sucessfully]]>
  </system-out>
</testsuite> <!-- UserModule.RemoveItemFromCartTest -->
