<?xml version="1.0" encoding="UTF-8"?>
<!-- Generated by org.testng.reporters.JUnitReportReporter -->
<testsuite hostname="DESKTOP-SVFAJHN" failures="0" tests="4" name="UserModule.AddItemToCartTest" time="91.210" errors="0" timestamp="2024-04-17T17:10:44 IST" skipped="0">
  <testcase classname="UserModule.AddItemToCartTest" name="removeAnItemFromCart" time="23.353"/>
  <system-out>
    <![CDATA[execution starts from here
removeAnItemFromCart----------------Executed Sucessfully]]>
  </system-out>
  <testcase classname="UserModule.AddItemToCartTest" name="addItemToCart" time="26.213"/>
  <system-out>
    <![CDATA[execution starts from here
addItemToCart----------------Executed Sucessfully]]>
  </system-out>
  <testcase classname="UserModule.AddItemToCartTest" name="addItemToCart" time="22.261"/>
  <system-out>
    <![CDATA[execution starts from here
addItemToCart----------------Executed Sucessfully]]>
  </system-out>
  <testcase classname="UserModule.AddItemToCartTest" name="removeAnItemFromCart" time="19.383"/>
  <system-out>
    <![CDATA[execution starts from here
removeAnItemFromCart----------------Executed Sucessfully]]>
  </system-out>
</testsuite> <!-- UserModule.AddItemToCartTest -->
