<?xml version="1.0" encoding="UTF-8"?>
<!-- Generated by org.testng.reporters.JUnitReportReporter -->
<testsuite hostname="DESKTOP-SVFAJHN" failures="0" tests="1" name="UserModule.UserRegistrationTest" time="2.408" errors="0" timestamp="2024-04-08T17:13:34 IST" skipped="0">
  <testcase classname="UserModule.UserRegistrationTest" name="newUserRegistrationWithValidCredentials" time="2.408"/>
  <system-out>
    <![CDATA[User is Registered sucesfully]]>
  </system-out>
</testsuite> <!-- UserModule.UserRegistrationTest -->
