<?xml version="1.0" encoding="UTF-8"?>
<!-- Generated by org.testng.reporters.JUnitReportReporter -->
<testsuite hostname="DESKTOP-SVFAJHN" failures="0" tests="1" name="UserModule.CancelOrderTest" time="16.624" errors="0" timestamp="2024-04-08T16:20:27 IST" skipped="0">
  <testcase classname="UserModule.CancelOrderTest" name="orderAnItemAndCheckoutUsingCashOnDelivery" time="16.624"/>
  <system-out/>
</testsuite> <!-- UserModule.CancelOrderTest -->
