<?xml version="1.0" encoding="UTF-8"?>
<!-- Generated by org.testng.reporters.JUnitReportReporter -->
<testsuite hostname="DESKTOP-SVFAJHN" failures="0" tests="1" name="OrdersModuleTests.OrderAndPayTest" time="18.890" errors="0" timestamp="2024-04-01T11:22:26 IST" skipped="0">
  <testcase classname="OrdersModuleTests.OrderAndPayTest" name="orderAnItemAndCheckoutUsingCashOnDelivery" time="18.890"/>
  <system-out/>
</testsuite> <!-- OrdersModuleTests.OrderAndPayTest -->
